
> @comp/storybook@0.0.0 build-storybook /Users/claudiofuen/Repos/design-system/apps/storybook
> storybook build "--output-dir=/tmp/chromatic--55457-yeZV9FXtXkRb"


[90m┌[39m  Building storybook v10.1.11
[90m│[39m
[32m◇[39m  Cleaning outputDir:
[90m│[39m  [36m../../../../../../tmp/chromatic--55457-yeZV9FXtXkRb[39m
[90m│[39m
[32m◇[39m  Loading presets
[90m│[39m
[32m◇[39m  Building manager..
[90m│[39m
[34m●[39m  Building preview..
[90m│[39m
[33m▲[39m  No story files found for the specified pattern: [34mstories/**/*.mdx[39m
[90m│[39m  [43mVite[49m [36mvite v6.4.1 [32mbuilding for production...[36m[39m
[90m│[39m  [43mVite[49m transforming...
[90m│[39m  [43mVite[49m [32m✓[39m 5724 modules transformed.
[90m│[39m  [43mVite[49m rendering chunks...
[90m│[39m  [43mVite[49m [2m../../../../../../tmp/chromatic--55457-yeZV9FXtXkRb/[22m[32miframe.html[39m[1m[2m[22m
[90m│[39m  [2m18.21 kB[22m[1m[22m
[90m│[39m  [43mVite[49m
[90m│[39m  [2m../../../../../../tmp/chromatic--55457-yeZV9FXtXkRb/[22m[2massets/[22m[35miframe-C_JW-AGl.css[39m[1m[2m[22m
[90m│[39m  [2m149.34 kB[22m[1m[22m
[90m│[39m  [43mVite[49m
[90m│[39m  [2m../../../../../../tmp/chromatic--55457-yeZV9FXtXkRb/[22m[2massets/[22m[36mowner-CvMgaIeV.js[39m[1m[2m[22m
[90m│[39m  [2m0.06 kB[22m[1m[22m
[90m│[39m  [43mVite[49m
[90m│[39m  [2m../../../../../../tmp/chromatic--55457-yeZV9FXtXkRb/[22m[2massets/[22m[36museBaseUiId-CHykstML.js[39m[1m[2m[22m
[90m│[39m  [2m0.09 kB[22m[1m[22m
[90m│[39m  [43mVite[49m
[90m│[39m  [2m../../../../../../tmp/chromatic--55457-yeZV9FXtXkRb/[22m[2massets/[22m[36museOnMount-FDxbUdxt.js[39m[1m[2m[22m
[90m│[39m  [2m0.10 kB[22m[1m[22m
[90m│[39m  [43mVite[49m
[90m│[39m  [2m../../../../../../tmp/chromatic--55457-yeZV9FXtXkRb/[22m[2massets/[22m[36misElementDisabled-CwHw_lZC.js[39m[1m[2m[22m
[90m│[39m  [2m0.11 kB[22m[1m[22m
[90m│[39m  [43mVite[49m
[90m│[39m  [2m../../../../../../tmp/chromatic--55457-yeZV9FXtXkRb/[22m[2massets/[22m[36museIsoLayoutEffect-kUCdRo3H.js[39m[1m[2m[22m
[90m│[39m  [2m0.11 kB[22m[1m[22m
[90m│[39m  [43mVite[49m
[90m│[39m  [2m../../../../../../tmp/chromatic--55457-yeZV9FXtXkRb/[22m[2massets/[22m[36museRender-COy-31UY.js[39m[1m[2m[22m
[90m│[39m  [2m0.11 kB[22m[1m[22m
[90m│[39m  [43mVite[49m
[90m│[39m  [2m../../../../../../tmp/chromatic--55457-yeZV9FXtXkRb/[22m[2massets/[22m[36mclamp-DyuOe9kr.js[39m[1m[2m[22m
[90m│[39m  [2m0.12 kB[22m[1m[22m
[90m│[39m  [43mVite[49m
[90m│[39m  [2m../../../../../../tmp/chromatic--55457-yeZV9FXtXkRb/[22m[2massets/[22m[36mToolbarRootContext-p6Mkx9Kl.js[39m[1m[2m[22m
[90m│[39m  [2m0.13 kB[22m[1m[22m
[90m│[39m  [43mVite[49m
[90m│[39m  [2m../../../../../../tmp/chromatic--55457-yeZV9FXtXkRb/[22m[2massets/[22m[36mindex-OL7xwynU.js[39m[1m[2m[22m
[90m│[39m  [2m0.13 kB[22m[1m[22m
[90m│[39m  [43mVite[49m
[90m│[39m  [2m../../../../../../tmp/chromatic--55457-yeZV9FXtXkRb/[22m[2massets/[22m[36mFieldItemContext-CTvNz8NL.js[39m[1m[2m[22m
[90m│[39m  [2m0.13 kB[22m[1m[22m
[90m│[39m  [43mVite[49m
[90m│[39m  [2m../../../../../../tmp/chromatic--55457-yeZV9FXtXkRb/[22m[2massets/[22m[36mDirectionContext-CT6A170Y.js[39m[1m[2m[22m
[90m│[39m  [2m0.14 kB[22m[1m[22m
[90m│[39m  [43mVite[49m
[90m│[39m  [2m../../../../../../tmp/chromatic--55457-yeZV9FXtXkRb/[22m[2massets/[22m[36mvisuallyHidden-CbwUG2x5.js[39m[1m[2m[22m
[90m│[39m  [2m0.16 kB[22m[1m[22m
[90m│[39m  [43mVite[49m
[90m│[39m  [2m../../../../../../tmp/chromatic--55457-yeZV9FXtXkRb/[22m[2massets/[22m[36museControlled-DHQ4LcsC.js[39m[1m[2m[22m
[90m│[39m  [2m0.23 kB[22m[1m[22m
[90m│[39m  [43mVite[49m
[90m│[39m  [2m../../../../../../tmp/chromatic--55457-yeZV9FXtXkRb/[22m[2massets/[22m[36mgetEmptyRootContext-D8cZ0Ygx.js[39m[1m[2m[22m
[90m│[39m  [2m0.23 kB[22m[1m[22m
[90m│[39m  [43mVite[49m
[90m│[39m  [2m../../../../../../tmp/chromatic--55457-yeZV9FXtXkRb/[22m[2massets/[22m[36mstyles-Do9CfrP_.js[39m[1m[2m[22m
[90m│[39m  [2m0.24 kB[22m[1m[22m
[90m│[39m  [43mVite[49m
[90m│[39m  [2m../../../../../../tmp/chromatic--55457-yeZV9FXtXkRb/[22m[2massets/[22m[36museValueAsRef-bnbSRq67.js[39m[1m[2m[22m
[90m│[39m  [2m0.27 kB[22m[1m[22m
[90m│[39m  [43mVite[49m
[90m│[39m  [2m../../../../../../tmp/chromatic--55457-yeZV9FXtXkRb/[22m[2massets/[22m[36museValueChanged-DmMgIzgd.js[39m[1m[2m[22m
[90m│[39m  [2m0.27 kB[22m[1m[22m
[90m│[39m  [43mVite[49m
[90m│[39m  [2m../../../../../../tmp/chromatic--55457-yeZV9FXtXkRb/[22m[2massets/[22m[36mvalueToPercent-CmxdyyhM.js[39m[1m[2m[22m
[90m│[39m  [2m0.27 kB[22m[1m[22m
[90m│[39m  [43mVite[49m
[90m│[39m  [2m../../../../../../tmp/chromatic--55457-yeZV9FXtXkRb/[22m[2massets/[22m[36mconstants-Ch9WEdMh.js[39m[1m[2m[22m
[90m│[39m  [2m0.30 kB[22m[1m[22m
[90m│[39m  [43mVite[49m
[90m│[39m  [2m../../../../../../tmp/chromatic--55457-yeZV9FXtXkRb/[22m[2massets/[22m[36mcheck-ktT0GU-L.js[39m[1m[2m[22m
[90m│[39m  [2m0.30 kB[22m[1m[22m
[90m│[39m  [43mVite[49m
[90m│[39m  [2m../../../../../../tmp/chromatic--55457-yeZV9FXtXkRb/[22m[2massets/[22m[36museId-VB9lPXu1.js[39m[1m[2m[22m
[90m│[39m  [2m0.31 kB[22m[1m[22m
[90m│[39m  [43mVite[49m
[90m│[39m  [2m../../../../../../tmp/chromatic--55457-yeZV9FXtXkRb/[22m[2massets/[22m[36mchevron-right-CpZuzS05.js[39m[1m[2m[22m
[90m│[39m  [2m0.31 kB[22m[1m[22m
[90m│[39m  [43mVite[49m
[90m│[39m  [2m../../../../../../tmp/chromatic--55457-yeZV9FXtXkRb/[22m[2massets/[22m[36mchevron-down-BS70KkJJ.js[39m[1m[2m[22m
[90m│[39m  [2m0.31 kB[22m[1m[22m
[90m│[39m  [43mVite[49m
[90m│[39m  [2m../../../../../../tmp/chromatic--55457-yeZV9FXtXkRb/[22m[2massets/[22m[36mchevron-up-DoiI_K1v.js[39m[1m[2m[22m
[90m│[39m  [2m0.31 kB[22m[1m[22m
[90m│[39m  [43mVite[49m
[90m│[39m  [2m../../../../../../tmp/chromatic--55457-yeZV9FXtXkRb/[22m[2massets/[22m[36mchevron-right-C-qUZ6gB.js[39m[1m[2m[22m
[90m│[39m  [2m0.31 kB[22m[1m[22m
[90m│[39m  [43mVite[49m
[90m│[39m  [2m../../../../../../tmp/chromatic--55457-yeZV9FXtXkRb/[22m[2massets/[22m[36mchevron-left-CJsavndq.js[39m[1m[2m[22m
[90m│[39m  [2m0.31 kB[22m[1m[22m
[90m│[39m  [43mVite[49m
[90m│[39m  [2m../../../../../../tmp/chromatic--55457-yeZV9FXtXkRb/[22m[2massets/[22m[36mgetCssDimensions-BvESz99L.js[39m[1m[2m[22m
[90m│[39m  [2m0.32 kB[22m[1m[22m
[90m│[39m  [43mVite[49m
[90m│[39m  [2m../../../../../../tmp/chromatic--55457-yeZV9FXtXkRb/[22m[2massets/[22m[36mSeparator-DH19uO88.js[39m[1m[2m[22m
[90m│[39m  [2m0.33 kB[22m[1m[22m
[90m│[39m  [43mVite[49m
[90m│[39m  [2m../../../../../../tmp/chromatic--55457-yeZV9FXtXkRb/[22m[2massets/[22m[36mplus-CdlyT_g8.js[39m[1m[2m[22m
[90m│[39m  [2m0.33 kB[22m[1m[22m
[90m│[39m  [43mVite[49m
[90m│[39m  [2m../../../../../../tmp/chromatic--55457-yeZV9FXtXkRb/[22m[2massets/[22m[36mx-e84suldm.js[39m[1m[2m[22m
[90m│[39m  [2m0.34 kB[22m[1m[22m
[90m│[39m  [43mVite[49m
[90m│[39m  [2m../../../../../../tmp/chromatic--55457-yeZV9FXtXkRb/[22m[2massets/[22m[36msearch-DnYjzYJz.js[39m[1m[2m[22m
[90m│[39m  [2m0.35 kB[22m[1m[22m
[90m│[39m  [43mVite[49m
[90m│[39m  [2m../../../../../../tmp/chromatic--55457-yeZV9FXtXkRb/[22m[2massets/[22m[36mlabel-yZfX-tyu.js[39m[1m[2m[22m
[90m│[39m  [2m0.35 kB[22m[1m[22m
[90m│[39m  [43mVite[49m
[90m│[39m  [2m../../../../../../tmp/chromatic--55457-yeZV9FXtXkRb/[22m[2massets/[22m[36muser-_jRI_Qdz.js[39m[1m[2m[22m
[90m│[39m  [2m0.38 kB[22m[1m[22m
[90m│[39m  [43mVite[49m
[90m│[39m  [2m../../../../../../tmp/chromatic--55457-yeZV9FXtXkRb/[22m[2massets/[22m[36mCompositeItem-BxWL71VG.js[39m[1m[2m[22m
[90m│[39m  [2m0.38 kB[22m[1m[22m
[90m│[39m  [43mVite[49m
[90m│[39m  [2m../../../../../../tmp/chromatic--55457-yeZV9FXtXkRb/[22m[2massets/[22m[36mseparator-BczQ7yoo.js[39m[1m[2m[22m
[90m│[39m  [2m0.39 kB[22m[1m[22m
[90m│[39m  [43mVite[49m
[90m│[39m  [2m../../../../../../tmp/chromatic--55457-yeZV9FXtXkRb/[22m[2massets/[22m[36mcredit-card-DMsbciKn.js[39m[1m[2m[22m
[90m│[39m  [2m0.39 kB[22m[1m[22m
[90m│[39m  [43mVite[49m
[90m│[39m  [2m../../../../../../tmp/chromatic--55457-yeZV9FXtXkRb/[22m[2massets/[22m[36mmail-Cf5gRkZ5.js[39m[1m[2m[22m
[90m│[39m  [2m0.40 kB[22m[1m[22m
[90m│[39m  [43mVite[49m
[90m│[39m  [2m../../../../../../tmp/chromatic--55457-yeZV9FXtXkRb/[22m[2massets/[22m[36mellipsis-1whduOt9.js[39m[1m[2m[22m
[90m│[39m  [2m0.41 kB[22m[1m[22m
[90m│[39m  [43mVite[49m
[90m│[39m  [2m../../../../../../tmp/chromatic--55457-yeZV9FXtXkRb/[22m[2massets/[22m[36mFloatingPortalLite-BD6RY5iQ.js[39m[1m[2m[22m
[90m│[39m  [2m0.41 kB[22m[1m[22m
[90m│[39m  [43mVite[49m
[90m│[39m  [2m../../../../../../tmp/chromatic--55457-yeZV9FXtXkRb/[22m[2massets/[22m[36museStableCallback-DubO4ET3.js[39m[1m[2m[22m
[90m│[39m  [2m0.43 kB[22m[1m[22m
[90m│[39m  [43mVite[49m
[90m│[39m  [2m../../../../../../tmp/chromatic--55457-yeZV9FXtXkRb/[22m[2massets/[22m[36mgetPseudoElementBounds-L0mGlMFL.js[39m[1m[2m[22m
[90m│[39m  [2m0.46 kB[22m[1m[22m
[90m│[39m  [43mVite[49m
[90m│[39m  [2m../../../../../../tmp/chromatic--55457-yeZV9FXtXkRb/[22m[2massets/[22m[36museTimeout-Ca9i1KvC.js[39m[1m[2m[22m
[90m│[39m  [2m0.47 kB[22m[1m[22m
[90m│[39m  [43mVite[49m
[90m│[39m  [2m../../../../../../tmp/chromatic--55457-yeZV9FXtXkRb/[22m[2massets/[22m[36mspinner-BxKQXyWt.js[39m[1m[2m[22m
[90m│[39m  [2m0.50 kB[22m[1m[22m
[90m│[39m  [43mVite[49m
[90m│[39m  [2m../../../../../../tmp/chromatic--55457-yeZV9FXtXkRb/[22m[2massets/[22m[36museLabelableId-BTHy7mzQ.js[39m[1m[2m[22m
[90m│[39m  [2m0.54 kB[22m[1m[22m
[90m│[39m  [43mVite[49m
[90m│[39m  [2m../../../../../../tmp/chromatic--55457-yeZV9FXtXkRb/[22m[2massets/[22m[36museCompositeItem-BgtXIJ3D.js[39m[1m[2m[22m
[90m│[39m  [2m0.59 kB[22m[1m[22m
[90m│[39m  [43mVite[49m
[90m│[39m  [2m../../../../../../tmp/chromatic--55457-yeZV9FXtXkRb/[22m[2massets/[22m[36mheading-C4dGl1_R.js[39m[1m[2m[22m
[90m│[39m  [2m0.62 kB[22m[1m[22m
[90m│[39m  [43mVite[49m
[90m│[39m  [2m../../../../../../tmp/chromatic--55457-yeZV9FXtXkRb/[22m[2massets/[22m[36mevent-BPqCIIOJ.js[39m[1m[2m[22m
[90m│[39m  [2m0.73 kB[22m[1m[22m
[90m│[39m  [43mVite[49m
[90m│[39m  [2m../../../../../../tmp/chromatic--55457-yeZV9FXtXkRb/[22m[2massets/[22m[36minput-BqGZxb3A.js[39m[1m[2m[22m
[90m│[39m  [2m0.85 kB[22m[1m[22m
[90m│[39m  [43mVite[49m
[90m│[39m  [2m../../../../../../tmp/chromatic--55457-yeZV9FXtXkRb/[22m[2massets/[22m[36mtext-Be0_GBI1.js[39m[1m[2m[22m
[90m│[39m  [2m0.85 kB[22m[1m[22m
[90m│[39m  [43mVite[49m
[90m│[39m  [2m../../../../../../tmp/chromatic--55457-yeZV9FXtXkRb/[22m[2massets/[22m[36mcreateBaseUIEventDetails-FXzYVCb2.js[39m[1m[2m[22m
[90m│[39m  [2m0.87 kB[22m[1m[22m
[90m│[39m  [43mVite[49m
[90m│[39m  [2m../../../../../../tmp/chromatic--55457-yeZV9FXtXkRb/[22m[2massets/[22m[36msettings-SsQa5xWZ.js[39m[1m[2m[22m
[90m│[39m  [2m0.91 kB[22m[1m[22m
[90m│[39m  [43mVite[49m
[90m│[39m  [2m../../../../../../tmp/chromatic--55457-yeZV9FXtXkRb/[22m[2massets/[22m[36mDialogRoot-DPW_t9Cx.js[39m[1m[2m[22m
[90m│[39m  [2m0.95 kB[22m[1m[22m
[90m│[39m  [43mVite[49m
[90m│[39m  [2m../../../../../../tmp/chromatic--55457-yeZV9FXtXkRb/[22m[2massets/[22m[36mdetectBrowser-BUxSiJk2.js[39m[1m[2m[22m
[90m│[39m  [2m1.00 kB[22m[1m[22m
[90m│[39m  [43mVite[49m
[90m│[39m  [2m../../../../../../tmp/chromatic--55457-yeZV9FXtXkRb/[22m[2massets/[22m[36mindex-lnR2ABT4.js[39m[1m[2m[22m
[90m│[39m  [2m1.02 kB[22m[1m[22m
[90m│[39m  [43mVite[49m
[90m│[39m  [2m../../../../../../tmp/chromatic--55457-yeZV9FXtXkRb/[22m[2massets/[22m[36museAnimationFrame-C96zNx6i.js[39m[1m[2m[22m
[90m│[39m  [2m1.07 kB[22m[1m[22m
[90m│[39m  [43mVite[49m
[90m│[39m  [2m../../../../../../tmp/chromatic--55457-yeZV9FXtXkRb/[22m[2massets/[22m[36mtriangle-alert-CV0iJy8r.js[39m[1m[2m[22m
[90m│[39m  [2m1.07 kB[22m[1m[22m
[90m│[39m  [43mVite[49m
[90m│[39m  [2m../../../../../../tmp/chromatic--55457-yeZV9FXtXkRb/[22m[2massets/[22m[36melement-BOzSeqCe.js[39m[1m[2m[22m
[90m│[39m  [2m1.10 kB[22m[1m[22m
[90m│[39m  [43mVite[49m
[90m│[39m  [2m../../../../../../tmp/chromatic--55457-yeZV9FXtXkRb/[22m[2massets/[22m[36museCompositeListItem-bkGifYTs.js[39m[1m[2m[22m
[90m│[39m  [2m1.13 kB[22m[1m[22m
[90m│[39m  [43mVite[49m
[90m│[39m  [2m../../../../../../tmp/chromatic--55457-yeZV9FXtXkRb/[22m[2massets/[22m[36mpreload-helper-Ct5FWWRu.js[39m[1m[2m[22m
[90m│[39m  [2m1.23 kB[22m[1m[22m
[90m│[39m  [43mVite[49m
[90m│[39m  [2m../../../../../../tmp/chromatic--55457-yeZV9FXtXkRb/[22m[2massets/[22m[36mstack-BNjw-zJr.js[39m[1m[2m[22m
[90m│[39m  [2m1.25 kB[22m[1m[22m
[90m│[39m  [43mVite[49m
[90m│[39m  [2m../../../../../../tmp/chromatic--55457-yeZV9FXtXkRb/[22m[2massets/[22m[36museRole-ChSJlAyp.js[39m[1m[2m[22m
[90m│[39m  [2m1.49 kB[22m[1m[22m
[90m│[39m  [43mVite[49m
[90m│[39m  [2m../../../../../../tmp/chromatic--55457-yeZV9FXtXkRb/[22m[2massets/[22m[36mbadge-D4aSzQwD.js[39m[1m[2m[22m
[90m│[39m  [2m1.55 kB[22m[1m[22m
[90m│[39m  [43mVite[49m
[90m│[39m  [2m../../../../../../tmp/chromatic--55457-yeZV9FXtXkRb/[22m[2massets/[22m[36mresolveValueLabel-ClMQ9QPV.js[39m[1m[2m[22m
[90m│[39m  [2m1.57 kB[22m[1m[22m
[90m│[39m  [43mVite[49m
[90m│[39m  [2m../../../../../../tmp/chromatic--55457-yeZV9FXtXkRb/[22m[2massets/[22m[36mcreateLucideIcon-BrSBzFVY.js[39m[1m[2m[22m
[90m│[39m  [2m1.58 kB[22m[1m[22m
[90m│[39m  [43mVite[49m
[90m│[39m  [2m../../../../../../tmp/chromatic--55457-yeZV9FXtXkRb/[22m[2massets/[22m[36mfloating-ui.utils-CtlI5I81.js[39m[1m[2m[22m
[90m│[39m  [2m1.62 kB[22m[1m[22m
[90m│[39m  [43mVite[49m
[90m│[39m  [2m../../../../../../tmp/chromatic--55457-yeZV9FXtXkRb/[22m[2massets/[22m[36minertValue-DxN4e6kU.js[39m[1m[2m[22m
[90m│[39m  [2m1.66 kB[22m[1m[22m
[90m│[39m  [43mVite[49m
[90m│[39m  [2m../../../../../../tmp/chromatic--55457-yeZV9FXtXkRb/[22m[2massets/[22m[36mInput-Bo5Ao2qR.js[39m[1m[2m[22m
[90m│[39m  [2m1.68 kB[22m[1m[22m
[90m│[39m  [43mVite[49m
[90m│[39m  [2m../../../../../../tmp/chromatic--55457-yeZV9FXtXkRb/[22m[2massets/[22m[36mTextarea.stories-BqH57luc.js[39m[1m[2m[22m
[90m│[39m  [2m1.79 kB[22m[1m[22m
[90m│[39m  [43mVite[49m
[90m│[39m  [2m../../../../../../tmp/chromatic--55457-yeZV9FXtXkRb/[22m[2massets/[22m[36mCompositeList-B-LwNeNG.js[39m[1m[2m[22m
[90m│[39m  [2m1.83 kB[22m[1m[22m
[90m│[39m  [43mVite[49m
[90m│[39m  [2m../../../../../../tmp/chromatic--55457-yeZV9FXtXkRb/[22m[2massets/[22m[36mstateAttributesMapping-CF8NzbLY.js[39m[1m[2m[22m
[90m│[39m  [2m1.85 kB[22m[1m[22m
[90m│[39m  [43mVite[49m
[90m│[39m  [2m../../../../../../tmp/chromatic--55457-yeZV9FXtXkRb/[22m[2massets/[22m[36mcreateLucideIcon-BDX6NvvI.js[39m[1m[2m[22m
[90m│[39m  [2m1.86 kB[22m[1m[22m
[90m│[39m  [43mVite[49m
[90m│[39m  [2m../../../../../../tmp/chromatic--55457-yeZV9FXtXkRb/[22m[2massets/[22m[36museFocus-BKfUogKK.js[39m[1m[2m[22m
[90m│[39m  [2m1.90 kB[22m[1m[22m
[90m│[39m  [43mVite[49m
[90m│[39m  [2m../../../../../../tmp/chromatic--55457-yeZV9FXtXkRb/[22m[2massets/[22m[36museButton-gSQMr9NJ.js[39m[1m[2m[22m
[90m│[39m  [2m1.92 kB[22m[1m[22m
[90m│[39m  [43mVite[49m
[90m│[39m  [2m../../../../../../tmp/chromatic--55457-yeZV9FXtXkRb/[22m[2massets/[22m[36mSpinner.stories-D3R2EbpY.js[39m[1m[2m[22m
[90m│[39m  [2m2.23 kB[22m[1m[22m
[90m│[39m  [43mVite[49m
[90m│[39m  [2m../../../../../../tmp/chromatic--55457-yeZV9FXtXkRb/[22m[2massets/[22m[36mcomposite-DwYA-fqK.js[39m[1m[2m[22m
[90m│[39m  [2m2.33 kB[22m[1m[22m
[90m│[39m  [43mVite[49m
[90m│[39m  [2m../../../../../../tmp/chromatic--55457-yeZV9FXtXkRb/[22m[2massets/[22m[36mLabelableContext-DSFbu5fn.js[39m[1m[2m[22m
[90m│[39m  [2m2.40 kB[22m[1m[22m
[90m│[39m  [43mVite[49m
[90m│[39m  [2m../../../../../../tmp/chromatic--55457-yeZV9FXtXkRb/[22m[2massets/[22m[36mcard-C1YRaBSj.js[39m[1m[2m[22m
[90m│[39m  [2m2.49 kB[22m[1m[22m
[90m│[39m  [43mVite[49m
[90m│[39m  [2m../../../../../../tmp/chromatic--55457-yeZV9FXtXkRb/[22m[2massets/[22m[36mfloating-ui.utils.dom-ehF3vSxJ.js[39m[1m[2m[22m
[90m│[39m  [2m2.60 kB[22m[1m[22m
[90m│[39m  [43mVite[49m
[90m│[39m  [2m../../../../../../tmp/chromatic--55457-yeZV9FXtXkRb/[22m[2massets/[22m[36musePopupAutoResize-BnCTwvmK.js[39m[1m[2m[22m
[90m│[39m  [2m2.86 kB[22m[1m[22m
[90m│[39m  [43mVite[49m
[90m│[39m  [2m../../../../../../tmp/chromatic--55457-yeZV9FXtXkRb/[22m[2massets/[22m[36mSeparator.stories-CalgHFmU.js[39m[1m[2m[22m
[90m│[39m  [2m3.02 kB[22m[1m[22m
[90m│[39m  [43mVite[49m
[90m│[39m  [2m../../../../../../tmp/chromatic--55457-yeZV9FXtXkRb/[22m[2massets/[22m[36mLabel.stories-CW0vvrsS.js[39m[1m[2m[22m
[90m│[39m  [2m3.11 kB[22m[1m[22m
[90m│[39m  [43mVite[49m
[90m│[39m  [2m../../../../../../tmp/chromatic--55457-yeZV9FXtXkRb/[22m[2massets/[22m[36mcomposite-BxUqeeri.js[39m[1m[2m[22m
[90m│[39m  [2m3.20 kB[22m[1m[22m
[90m│[39m  [43mVite[49m
[90m│[39m  [2m../../../../../../tmp/chromatic--55457-yeZV9FXtXkRb/[22m[2massets/[22m[36munderline-BZLxtsxx.js[39m[1m[2m[22m
[90m│[39m  [2m3.28 kB[22m[1m[22m
[90m│[39m  [43mVite[49m
[90m│[39m  [2m../../../../../../tmp/chromatic--55457-yeZV9FXtXkRb/[22m[2massets/[22m[36minput-group-BBofP_nf.js[39m[1m[2m[22m
[90m│[39m  [2m3.31 kB[22m[1m[22m
[90m│[39m  [43mVite[49m
[90m│[39m  [2m../../../../../../tmp/chromatic--55457-yeZV9FXtXkRb/[22m[2massets/[22m[36museSyncedFloatingRootContext-Cmyz22ZC.js[39m[1m[2m[22m
[90m│[39m  [2m3.36 kB[22m[1m[22m
[90m│[39m  [43mVite[49m
[90m│[39m  [2m../../../../../../tmp/chromatic--55457-yeZV9FXtXkRb/[22m[2massets/[22m[36mavatar-D_1votNZ.js[39m[1m[2m[22m
[90m│[39m  [2m3.46 kB[22m[1m[22m
[90m│[39m  [43mVite[49m
[90m│[39m  [2m../../../../../../tmp/chromatic--55457-yeZV9FXtXkRb/[22m[2massets/[22m[36mBadge.stories-gscTOQoI.js[39m[1m[2m[22m
[90m│[39m  [2m3.56 kB[22m[1m[22m
[90m│[39m  [43mVite[49m
[90m│[39m  [2m../../../../../../tmp/chromatic--55457-yeZV9FXtXkRb/[22m[2massets/[22m[36mKbd.stories-BHKkcS4f.js[39m[1m[2m[22m
[90m│[39m  [2m3.56 kB[22m[1m[22m
[90m│[39m  [43mVite[49m
[90m│[39m  [2m../../../../../../tmp/chromatic--55457-yeZV9FXtXkRb/[22m[2massets/[22m[36mToggle.stories-CkYGmiWe.js[39m[1m[2m[22m
[90m│[39m  [2m3.61 kB[22m[1m[22m
[90m│[39m  [43mVite[49m
[90m│[39m  [2m../../../../../../tmp/chromatic--55457-yeZV9FXtXkRb/[22m[2massets/[22m[36mCheckbox.stories-CGgBxTgg.js[39m[1m[2m[22m
[90m│[39m  [2m3.61 kB[22m[1m[22m
[90m│[39m  [43mVite[49m
[90m│[39m  [2m../../../../../../tmp/chromatic--55457-yeZV9FXtXkRb/[22m[2massets/[22m[36museRenderElement-BK5x_cCA.js[39m[1m[2m[22m
[90m│[39m  [2m3.89 kB[22m[1m[22m
[90m│[39m  [43mVite[49m
[90m│[39m  [2m../../../../../../tmp/chromatic--55457-yeZV9FXtXkRb/[22m[2massets/[22m[36mindex-j_kYhr_4.js[39m[1m[2m[22m
[90m│[39m  [2m3.89 kB[22m[1m[22m
[90m│[39m  [43mVite[49m
[90m│[39m  [2m../../../../../../tmp/chromatic--55457-yeZV9FXtXkRb/[22m[2massets/[22m[36mCompositeRoot-BF8Foc3r.js[39m[1m[2m[22m
[90m│[39m  [2m4.07 kB[22m[1m[22m
[90m│[39m  [43mVite[49m
[90m│[39m  [2m../../../../../../tmp/chromatic--55457-yeZV9FXtXkRb/[22m[2massets/[22m[36mInput.stories-klzMLEYQ.js[39m[1m[2m[22m
[90m│[39m  [2m4.35 kB[22m[1m[22m
[90m│[39m  [43mVite[49m
[90m│[39m  [2m../../../../../../tmp/chromatic--55457-yeZV9FXtXkRb/[22m[2massets/[22m[36mbutton-D-34bc_r.js[39m[1m[2m[22m
[90m│[39m  [2m4.47 kB[22m[1m[22m
[90m│[39m  [43mVite[49m
[90m│[39m  [2m../../../../../../tmp/chromatic--55457-yeZV9FXtXkRb/[22m[2massets/[22m[36mContainer.stories-BH3kzbbs.js[39m[1m[2m[22m
[90m│[39m  [2m4.68 kB[22m[1m[22m
[90m│[39m  [43mVite[49m
[90m│[39m  [2m../../../../../../tmp/chromatic--55457-yeZV9FXtXkRb/[22m[2massets/[22m[36mAspectRatio.stories-BswxuiWX.js[39m[1m[2m[22m
[90m│[39m  [2m4.99 kB[22m[1m[22m
[90m│[39m  [43mVite[49m
[90m│[39m  [2m../../../../../../tmp/chromatic--55457-yeZV9FXtXkRb/[22m[2massets/[22m[36mSkeleton.stories-BXK5izFI.js[39m[1m[2m[22m
[90m│[39m  [2m5.51 kB[22m[1m[22m
[90m│[39m  [43mVite[49m
[90m│[39m  [2m../../../../../../tmp/chromatic--55457-yeZV9FXtXkRb/[22m[2massets/[22m[36mPagination.stories-DOcf8ALH.js[39m[1m[2m[22m
[90m│[39m  [2m5.51 kB[22m[1m[22m
[90m│[39m  [43mVite[49m
[90m│[39m  [2m../../../../../../tmp/chromatic--55457-yeZV9FXtXkRb/[22m[2massets/[22m[36mcheckbox-BRmqO9Lz.js[39m[1m[2m[22m
[90m│[39m  [2m5.51 kB[22m[1m[22m
[90m│[39m  [43mVite[49m
[90m│[39m  [2m../../../../../../tmp/chromatic--55457-yeZV9FXtXkRb/[22m[2massets/[22m[36mTypography.stories-CUH1Wqb8.js[39m[1m[2m[22m
[90m│[39m  [2m5.67 kB[22m[1m[22m
[90m│[39m  [43mVite[49m
[90m│[39m  [2m../../../../../../tmp/chromatic--55457-yeZV9FXtXkRb/[22m[2massets/[22m[36mPageHeader.stories-dzQ4hF_f.js[39m[1m[2m[22m
[90m│[39m  [2m5.83 kB[22m[1m[22m
[90m│[39m  [43mVite[49m
[90m│[39m  [2m../../../../../../tmp/chromatic--55457-yeZV9FXtXkRb/[22m[2massets/[22m[36mProgress.stories-p1dizkPB.js[39m[1m[2m[22m
[90m│[39m  [2m6.03 kB[22m[1m[22m
[90m│[39m  [43mVite[49m
[90m│[39m  [2m../../../../../../tmp/chromatic--55457-yeZV9FXtXkRb/[22m[2massets/[22m[36museCollapsiblePanel-CnGrQcgL.js[39m[1m[2m[22m
[90m│[39m  [2m6.08 kB[22m[1m[22m
[90m│[39m  [43mVite[49m
[90m│[39m  [2m../../../../../../tmp/chromatic--55457-yeZV9FXtXkRb/[22m[2massets/[22m[36mEmpty.stories-PeMTdprQ.js[39m[1m[2m[22m
[90m│[39m  [2m6.16 kB[22m[1m[22m
[90m│[39m  [43mVite[49m
[90m│[39m  [2m../../../../../../tmp/chromatic--55457-yeZV9FXtXkRb/[22m[2massets/[22m[36mInputGroup.stories-BH5RIsCL.js[39m[1m[2m[22m
[90m│[39m  [2m7.12 kB[22m[1m[22m
[90m│[39m  [43mVite[49m
[90m│[39m  [2m../../../../../../tmp/chromatic--55457-yeZV9FXtXkRb/[22m[2massets/[22m[36mField.stories-l3DdboiX.js[39m[1m[2m[22m
[90m│[39m  [2m7.27 kB[22m[1m[22m
[90m│[39m  [43mVite[49m
[90m│[39m  [2m../../../../../../tmp/chromatic--55457-yeZV9FXtXkRb/[22m[2massets/[22m[36mTable.stories-C1jZCRl_.js[39m[1m[2m[22m
[90m│[39m  [2m7.29 kB[22m[1m[22m
[90m│[39m  [43mVite[49m
[90m│[39m  [2m../../../../../../tmp/chromatic--55457-yeZV9FXtXkRb/[22m[2massets/[22m[36museHoverReferenceInteraction-DRbu6I8m.js[39m[1m[2m[22m
[90m│[39m  [2m7.29 kB[22m[1m[22m
[90m│[39m  [43mVite[49m
[90m│[39m  [2m../../../../../../tmp/chromatic--55457-yeZV9FXtXkRb/[22m[2massets/[22m[36mCollapsible.stories-CDk-HjOK.js[39m[1m[2m[22m
[90m│[39m  [2m7.44 kB[22m[1m[22m
[90m│[39m  [43mVite[49m
[90m│[39m  [2m../../../../../../tmp/chromatic--55457-yeZV9FXtXkRb/[22m[2massets/[22m[36mPageLayout.stories-DeK2mgYm.js[39m[1m[2m[22m
[90m│[39m  [2m7.53 kB[22m[1m[22m
[90m│[39m  [43mVite[49m
[90m│[39m  [2m../../../../../../tmp/chromatic--55457-yeZV9FXtXkRb/[22m[2massets/[22m[36mGrid.stories-BkLTXbWF.js[39m[1m[2m[22m
[90m│[39m  [2m7.67 kB[22m[1m[22m
[90m│[39m  [43mVite[49m
[90m│[39m  [2m../../../../../../tmp/chromatic--55457-yeZV9FXtXkRb/[22m[2massets/[22m[36mButton.stories-CCR1g_go.js[39m[1m[2m[22m
[90m│[39m  [2m7.72 kB[22m[1m[22m
[90m│[39m  [43mVite[49m
[90m│[39m  [2m../../../../../../tmp/chromatic--55457-yeZV9FXtXkRb/[22m[2massets/[22m[36mSection.stories-DXmXsHRF.js[39m[1m[2m[22m
[90m│[39m  [2m7.93 kB[22m[1m[22m
[90m│[39m  [43mVite[49m
[90m│[39m  [2m../../../../../../tmp/chromatic--55457-yeZV9FXtXkRb/[22m[2massets/[22m[36mDialogTrigger-nOLWA_VP.js[39m[1m[2m[22m
[90m│[39m  [2m7.97 kB[22m[1m[22m
[90m│[39m  [43mVite[49m
[90m│[39m  [2m../../../../../../tmp/chromatic--55457-yeZV9FXtXkRb/[22m[2massets/[22m[36mButtonGroup.stories-C-PJFWRr.js[39m[1m[2m[22m
[90m│[39m  [2m8.05 kB[22m[1m[22m
[90m│[39m  [43mVite[49m
[90m│[39m  [2m../../../../../../tmp/chromatic--55457-yeZV9FXtXkRb/[22m[2massets/[22m[36msafePolygon-DJW64mx0.js[39m[1m[2m[22m
[90m│[39m  [2m8.16 kB[22m[1m[22m
[90m│[39m  [43mVite[49m
[90m│[39m  [2m../../../../../../tmp/chromatic--55457-yeZV9FXtXkRb/[22m[2massets/[22m[36museTypeahead-CZ9SsRpA.js[39m[1m[2m[22m
[90m│[39m  [2m8.36 kB[22m[1m[22m
[90m│[39m  [43mVite[49m
[90m│[39m  [2m../../../../../../tmp/chromatic--55457-yeZV9FXtXkRb/[22m[2massets/[22m[36mSwitch.stories-kYYh7g1B.js[39m[1m[2m[22m
[90m│[39m  [2m8.49 kB[22m[1m[22m
[90m│[39m  [43mVite[49m
[90m│[39m  [2m../../../../../../tmp/chromatic--55457-yeZV9FXtXkRb/[22m[2massets/[22m[36mAlertDialog.stories-CKwFqefY.js[39m[1m[2m[22m
[90m│[39m  [2m8.50 kB[22m[1m[22m
[90m│[39m  [43mVite[49m
[90m│[39m  [2m../../../../../../tmp/chromatic--55457-yeZV9FXtXkRb/[22m[2massets/[22m[36mDialog.stories-ByOOxkU8.js[39m[1m[2m[22m
[90m│[39m  [2m9.19 kB[22m[1m[22m
[90m│[39m  [43mVite[49m
[90m│[39m  [2m../../../../../../tmp/chromatic--55457-yeZV9FXtXkRb/[22m[2massets/[22m[36mAvatar.stories-C7unhBkZ.js[39m[1m[2m[22m
[90m│[39m  [2m9.35 kB[22m[1m[22m
[90m│[39m  [43mVite[49m
[90m│[39m  [2m../../../../../../tmp/chromatic--55457-yeZV9FXtXkRb/[22m[2massets/[22m[36mSheet.stories-BXcdIfeO.js[39m[1m[2m[22m
[90m│[39m  [2m9.97 kB[22m[1m[22m
[90m│[39m  [43mVite[49m
[90m│[39m  [2m../../../../../../tmp/chromatic--55457-yeZV9FXtXkRb/[22m[2massets/[22m[36mDropdownMenu.stories-DtfevdZT.js[39m[1m[2m[22m
[90m│[39m  [2m9.99 kB[22m[1m[22m
[90m│[39m  [43mVite[49m
[90m│[39m  [2m../../../../../../tmp/chromatic--55457-yeZV9FXtXkRb/[22m[2massets/[22m[36mdropdown-menu-CAFUedNY.js[39m[1m[2m[22m
[90m│[39m  [2m10.54 kB[22m[1m[22m
[90m│[39m  [43mVite[49m
[90m│[39m  [2m../../../../../../tmp/chromatic--55457-yeZV9FXtXkRb/[22m[2massets/[22m[36mMenubar.stories-1_KaDyqi.js[39m[1m[2m[22m
[90m│[39m  [2m11.14 kB[22m[1m[22m
[90m│[39m  [43mVite[49m
[90m│[39m  [2m../../../../../../tmp/chromatic--55457-yeZV9FXtXkRb/[22m[2massets/[22m[36mHoverCard.stories-pQXMzWgp.js[39m[1m[2m[22m
[90m│[39m  [2m11.22 kB[22m[1m[22m
[90m│[39m  [43mVite[49m
[90m│[39m  [2m../../../../../../tmp/chromatic--55457-yeZV9FXtXkRb/[22m[2massets/[22m[36mAlert.stories-D1XHdQLJ.js[39m[1m[2m[22m
[90m│[39m  [2m11.56 kB[22m[1m[22m
[90m│[39m  [43mVite[49m
[90m│[39m  [2m../../../../../../tmp/chromatic--55457-yeZV9FXtXkRb/[22m[2massets/[22m[36mToggleGroup.stories-BQSx_J3i.js[39m[1m[2m[22m
[90m│[39m  [2m11.95 kB[22m[1m[22m
[90m│[39m  [43mVite[49m
[90m│[39m  [2m../../../../../../tmp/chromatic--55457-yeZV9FXtXkRb/[22m[2massets/[22m[36mContextMenu.stories-LPx4ZHYh.js[39m[1m[2m[22m
[90m│[39m  [2m12.59 kB[22m[1m[22m
[90m│[39m  [43mVite[49m
[90m│[39m  [2m../../../../../../tmp/chromatic--55457-yeZV9FXtXkRb/[22m[2massets/[22m[36mItem.stories-C1G3KSS_.js[39m[1m[2m[22m
[90m│[39m  [2m13.11 kB[22m[1m[22m
[90m│[39m  [43mVite[49m
[90m│[39m  [2m../../../../../../tmp/chromatic--55457-yeZV9FXtXkRb/[22m[2massets/[22m[36mAccordion.stories-BasmAkMD.js[39m[1m[2m[22m
[90m│[39m  [2m14.01 kB[22m[1m[22m
[90m│[39m  [43mVite[49m
[90m│[39m  [2m../../../../../../tmp/chromatic--55457-yeZV9FXtXkRb/[22m[2massets/[22m[36museOpenInteractionType-CRJFlGI5.js[39m[1m[2m[22m
[90m│[39m  [2m14.10 kB[22m[1m[22m
[90m│[39m  [43mVite[49m
[90m│[39m  [2m../../../../../../tmp/chromatic--55457-yeZV9FXtXkRb/[22m[2massets/[22m[36mCard.stories-DUzSuv5X.js[39m[1m[2m[22m
[90m│[39m  [2m14.20 kB[22m[1m[22m
[90m│[39m  [43mVite[49m
[90m│[39m  [2m../../../../../../tmp/chromatic--55457-yeZV9FXtXkRb/[22m[2massets/[22m[36mRadioGroup.stories-DAzIheTp.js[39m[1m[2m[22m
[90m│[39m  [2m14.37 kB[22m[1m[22m
[90m│[39m  [43mVite[49m
[90m│[39m  [2m../../../../../../tmp/chromatic--55457-yeZV9FXtXkRb/[22m[2massets/[22m[36mInputOtp.stories-nsGJIs88.js[39m[1m[2m[22m
[90m│[39m  [2m14.87 kB[22m[1m[22m
[90m│[39m  [43mVite[49m
[90m│[39m  [2m../../../../../../tmp/chromatic--55457-yeZV9FXtXkRb/[22m[2massets/[22m[36mStack.stories-DaeR4dHc.js[39m[1m[2m[22m
[90m│[39m  [2m16.05 kB[22m[1m[22m
[90m│[39m  [43mVite[49m
[90m│[39m  [2m../../../../../../tmp/chromatic--55457-yeZV9FXtXkRb/[22m[2massets/[22m[36mBreadcrumb.stories-D24kqIFs.js[39m[1m[2m[22m
[90m│[39m  [2m16.38 kB[22m[1m[22m
[90m│[39m  [43mVite[49m
[90m│[39m  [2m../../../../../../tmp/chromatic--55457-yeZV9FXtXkRb/[22m[2massets/[22m[36mPopover.stories-DgLXP1Z8.js[39m[1m[2m[22m
[90m│[39m  [2m18.05 kB[22m[1m[22m
[90m│[39m  [43mVite[49m
[90m│[39m  [2m../../../../../../tmp/chromatic--55457-yeZV9FXtXkRb/[22m[2massets/[22m[36mTabs.stories-95oUmBIa.js[39m[1m[2m[22m
[90m│[39m  [2m18.12 kB[22m[1m[22m
[90m│[39m  [43mVite[49m
[90m│[39m  [2m../../../../../../tmp/chromatic--55457-yeZV9FXtXkRb/[22m[2massets/[22m[36mTooltip.stories-DfOukVZI.js[39m[1m[2m[22m
[90m│[39m  [2m19.64 kB[22m[1m[22m
[90m│[39m  [43mVite[49m
[90m│[39m  [2m../../../../../../tmp/chromatic--55457-yeZV9FXtXkRb/[22m[2massets/[22m[36mScrollArea.stories-BydYm8iH.js[39m[1m[2m[22m
[90m│[39m  [2m19.74 kB[22m[1m[22m
[90m│[39m  [43mVite[49m
[90m│[39m  [2m../../../../../../tmp/chromatic--55457-yeZV9FXtXkRb/[22m[2massets/[22m[36mSlider.stories-Ccek6C85.js[39m[1m[2m[22m
[90m│[39m  [2m22.85 kB[22m[1m[22m
[90m│[39m  [43mVite[49m
[90m│[39m  [2m../../../../../../tmp/chromatic--55457-yeZV9FXtXkRb/[22m[2massets/[22m[36mMenuSubmenuTrigger-y1RD0Lns.js[39m[1m[2m[22m
[90m│[39m  [2m22.91 kB[22m[1m[22m
[90m│[39m  [43mVite[49m
[90m│[39m  [2m../../../../../../tmp/chromatic--55457-yeZV9FXtXkRb/[22m[2massets/[22m[36mCommand.stories-CRq9h9Um.js[39m[1m[2m[22m
[90m│[39m  [2m24.24 kB[22m[1m[22m
[90m│[39m  [43mVite[49m
[90m│[39m  [2m../../../../../../tmp/chromatic--55457-yeZV9FXtXkRb/[22m[2massets/[22m[36mutils-B9Yq_VwO.js[39m[1m[2m[22m
[90m│[39m  [2m25.19 kB[22m[1m[22m
[90m│[39m  [43mVite[49m
[90m│[39m  [2m../../../../../../tmp/chromatic--55457-yeZV9FXtXkRb/[22m[2massets/[22m[36mNavigationMenu.stories-st0JQczM.js[39m[1m[2m[22m
[90m│[39m  [2m26.68 kB[22m[1m[22m
[90m│[39m  [43mVite[49m
[90m│[39m  [2m../../../../../../tmp/chromatic--55457-yeZV9FXtXkRb/[22m[2massets/[22m[36mCarousel.stories-DwAPVWpL.js[39m[1m[2m[22m
[90m│[39m  [2m26.84 kB[22m[1m[22m
[90m│[39m  [43mVite[49m
[90m│[39m  [2m../../../../../../tmp/chromatic--55457-yeZV9FXtXkRb/[22m[2massets/[22m[36museAnchorPositioning-C2pU92rN.js[39m[1m[2m[22m
[90m│[39m  [2m27.35 kB[22m[1m[22m
[90m│[39m  [43mVite[49m
[90m│[39m  [2m../../../../../../tmp/chromatic--55457-yeZV9FXtXkRb/[22m[36mvite-inject-mocker-entry.js[39m[1m[2m[22m
[90m│[39m  [2m28.76 kB[22m[1m[22m
[90m│[39m  [43mVite[49m
[90m│[39m  [2m../../../../../../tmp/chromatic--55457-yeZV9FXtXkRb/[22m[2massets/[22m[36mmatchers-DMFSMG2O-HJu_DfWo.js[39m[1m[2m[22m
[90m│[39m  [2m29.23 kB[22m[1m[22m
[90m│[39m  [43mVite[49m
[90m│[39m  [2m../../../../../../tmp/chromatic--55457-yeZV9FXtXkRb/[22m[2massets/[22m[36museInteractions-B-fKXlBV.js[39m[1m[2m[22m
[90m│[39m  [2m29.77 kB[22m[1m[22m
[90m│[39m  [43mVite[49m
[90m│[39m  [2m../../../../../../tmp/chromatic--55457-yeZV9FXtXkRb/[22m[2massets/[22m[36mindex-ClcEqrOz.js[39m[1m[2m[22m
[90m│[39m  [2m32.08 kB[22m[1m[22m
[90m│[39m  [43mVite[49m
[90m│[39m  [2m../../../../../../tmp/chromatic--55457-yeZV9FXtXkRb/[22m[2massets/[22m[36mSelect.stories-BH2961fh.js[39m[1m[2m[22m
[90m│[39m  [2m36.66 kB[22m[1m[22m
[90m│[39m  [43mVite[49m
[90m│[39m  [2m../../../../../../tmp/chromatic--55457-yeZV9FXtXkRb/[22m[2massets/[22m[36mResizable.stories-BlyUgptJ.js[39m[1m[2m[22m
[90m│[39m  [2m36.83 kB[22m[1m[22m
[90m│[39m  [43mVite[49m
[90m│[39m  [2m../../../../../../tmp/chromatic--55457-yeZV9FXtXkRb/[22m[2massets/[22m[36mDrawer.stories-nczEspsI.js[39m[1m[2m[22m
[90m│[39m  [2m38.20 kB[22m[1m[22m
[90m│[39m  [43mVite[49m
[90m│[39m  [2m../../../../../../tmp/chromatic--55457-yeZV9FXtXkRb/[22m[2massets/[22m[36mSonner.stories-omsewfYk.js[39m[1m[2m[22m
[90m│[39m  [2m39.93 kB[22m[1m[22m
[90m│[39m  [43mVite[49m
[90m│[39m  [2m../../../../../../tmp/chromatic--55457-yeZV9FXtXkRb/[22m[2massets/[22m[36mCombobox.stories-B9pscktz.js[39m[1m[2m[22m
[90m│[39m  [2m42.45 kB[22m[1m[22m
[90m│[39m  [43mVite[49m
[90m│[39m  [2m../../../../../../tmp/chromatic--55457-yeZV9FXtXkRb/[22m[2massets/[22m[36mCalendar.stories-CVi8AyNe.js[39m[1m[2m[22m
[90m│[39m  [2m75.06 kB[22m[1m[22m
[90m│[39m  [43mVite[49m
[90m│[39m  [2m../../../../../../tmp/chromatic--55457-yeZV9FXtXkRb/[22m[2massets/[22m[36mreact-18-C7Qfpa7-.js[39m[1m[2m[22m
[90m│[39m  [2m181.75 kB[22m[1m[22m
[90m│[39m  [43mVite[49m
[90m│[39m  [2m../../../../../../tmp/chromatic--55457-yeZV9FXtXkRb/[22m[2massets/[22m[36maxe-DXMt0S3b.js[39m[1m[33m[39m
[90m│[39m  [33m579.86 kB[39m[22m
[90m│[39m  [43mVite[49m
[90m│[39m  [2m../../../../../../tmp/chromatic--55457-yeZV9FXtXkRb/[22m[2massets/[22m[36miframe-BwABThmy.js[39m
[90m│[39m  [36m[39m[1m[33m1,093.64 kB[39m[22m
[90m│[39m
[33m▲[39m  [43mVite[49m[33m
[90m│[39m  (!) Some chunks are larger than 500 kB after minification. Consider:
[90m│[39m  - Using dynamic import() to code-split the application
[90m│[39m  - Use build.rollupOptions.output.manualChunks to improve chunking:
[90m│[39m  ]8;;https://rollupjs.org/configuration-options/#output-manualchunkshttps://rollupjs.org/configuration-options/#output-manualchunks]8;;
[90m│[39m  - Adjust chunk size limit for this warning via
[90m│[39m  build.chunkSizeWarningLimit.[39m
[90m│[39m  [43mVite[49m [32m✓ built in 4.77s[39m
[90m│[39m
[32m◇[39m  Output directory: /tmp/chromatic--55457-yeZV9FXtXkRb
[90m│[39m
[90m└[39m  Storybook build completed successfully

